[0.011s] Invoking command in '/home/notthecoolkid/mrt_URDF/build/articubot_one': CMAKE_PREFIX_PATH=/home/notthecoolkid/mrt_ws/install/week0_tutorials:/home/notthecoolkid/mrt_ws/install/sauron:/opt/ros/humble /usr/bin/cmake --build /home/notthecoolkid/mrt_URDF/build/articubot_one -- -j20 -l20
[0.061s] Invoked command in '/home/notthecoolkid/mrt_URDF/build/articubot_one' returned '0': CMAKE_PREFIX_PATH=/home/notthecoolkid/mrt_ws/install/week0_tutorials:/home/notthecoolkid/mrt_ws/install/sauron:/opt/ros/humble /usr/bin/cmake --build /home/notthecoolkid/mrt_URDF/build/articubot_one -- -j20 -l20
[0.095s] Invoking command in '/home/notthecoolkid/mrt_URDF/build/articubot_one': CMAKE_PREFIX_PATH=/home/notthecoolkid/mrt_ws/install/week0_tutorials:/home/notthecoolkid/mrt_ws/install/sauron:/opt/ros/humble /usr/bin/cmake --install /home/notthecoolkid/mrt_URDF/build/articubot_one
[0.103s] -- Install configuration: ""
[0.103s] -- Execute custom install script
[0.104s] -- Up-to-date symlink: /home/notthecoolkid/mrt_URDF/install/articubot_one/share/articubot_one/config/empty.yaml
[0.104s] -- Up-to-date symlink: /home/notthecoolkid/mrt_URDF/install/articubot_one/share/articubot_one/config/view_bot.rviz
[0.104s] -- Up-to-date symlink: /home/notthecoolkid/mrt_URDF/install/articubot_one/share/articubot_one/description/inertial_macros.xacro
[0.104s] -- Up-to-date symlink: /home/notthecoolkid/mrt_URDF/install/articubot_one/share/articubot_one/description/robot.urdf.xacro
[0.104s] -- Up-to-date symlink: /home/notthecoolkid/mrt_URDF/install/articubot_one/share/articubot_one/description/robot_core.xacro
[0.104s] -- Up-to-date symlink: /home/notthecoolkid/mrt_URDF/install/articubot_one/share/articubot_one/launch/rsp.launch.py
[0.104s] -- Up-to-date symlink: /home/notthecoolkid/mrt_URDF/install/articubot_one/share/articubot_one/worlds/empty.world
[0.105s] -- Up-to-date symlink: /home/notthecoolkid/mrt_URDF/install/articubot_one/share/ament_index/resource_index/package_run_dependencies/articubot_one
[0.105s] -- Up-to-date symlink: /home/notthecoolkid/mrt_URDF/install/articubot_one/share/ament_index/resource_index/parent_prefix_path/articubot_one
[0.105s] -- Up-to-date symlink: /home/notthecoolkid/mrt_URDF/install/articubot_one/share/articubot_one/environment/ament_prefix_path.sh
[0.105s] -- Up-to-date symlink: /home/notthecoolkid/mrt_URDF/install/articubot_one/share/articubot_one/environment/ament_prefix_path.dsv
[0.105s] -- Up-to-date symlink: /home/notthecoolkid/mrt_URDF/install/articubot_one/share/articubot_one/environment/path.sh
[0.105s] -- Up-to-date symlink: /home/notthecoolkid/mrt_URDF/install/articubot_one/share/articubot_one/environment/path.dsv
[0.105s] -- Up-to-date symlink: /home/notthecoolkid/mrt_URDF/install/articubot_one/share/articubot_one/local_setup.bash
[0.105s] -- Up-to-date symlink: /home/notthecoolkid/mrt_URDF/install/articubot_one/share/articubot_one/local_setup.sh
[0.106s] -- Up-to-date symlink: /home/notthecoolkid/mrt_URDF/install/articubot_one/share/articubot_one/local_setup.zsh
[0.106s] -- Up-to-date symlink: /home/notthecoolkid/mrt_URDF/install/articubot_one/share/articubot_one/local_setup.dsv
[0.106s] -- Symlinking: /home/notthecoolkid/mrt_URDF/install/articubot_one/share/articubot_one/package.dsv
[0.115s] -- Up-to-date symlink: /home/notthecoolkid/mrt_URDF/install/articubot_one/share/ament_index/resource_index/packages/articubot_one
[0.115s] -- Up-to-date symlink: /home/notthecoolkid/mrt_URDF/install/articubot_one/share/articubot_one/cmake/articubot_oneConfig.cmake
[0.115s] -- Up-to-date symlink: /home/notthecoolkid/mrt_URDF/install/articubot_one/share/articubot_one/cmake/articubot_oneConfig-version.cmake
[0.116s] -- Up-to-date symlink: /home/notthecoolkid/mrt_URDF/install/articubot_one/share/articubot_one/package.xml
[0.118s] Invoked command in '/home/notthecoolkid/mrt_URDF/build/articubot_one' returned '0': CMAKE_PREFIX_PATH=/home/notthecoolkid/mrt_ws/install/week0_tutorials:/home/notthecoolkid/mrt_ws/install/sauron:/opt/ros/humble /usr/bin/cmake --install /home/notthecoolkid/mrt_URDF/build/articubot_one
