[0.014s] Invoking command in '/home/notthecoolkid/mrt_URDF/build/articubot_one': CMAKE_PREFIX_PATH=/home/notthecoolkid/mrt_ws/install/week0_tutorials:/home/notthecoolkid/mrt_ws/install/sauron:/opt/ros/humble /usr/bin/cmake /home/notthecoolkid/mrt_URDF/src/articubot_one -DCMAKE_INSTALL_PREFIX=/home/notthecoolkid/mrt_URDF/install/articubot_one
[0.059s] -- Found ament_cmake: 1.3.10 (/opt/ros/humble/share/ament_cmake/cmake)
[0.216s] -- Override CMake install command with custom implementation using symlinks instead of copying resources
[0.233s] -- Found ament_lint_auto: 0.12.11 (/opt/ros/humble/share/ament_lint_auto/cmake)
[0.322s] -- Added test 'copyright' to check source files copyright and LICENSE
[0.334s] -- Added test 'cppcheck' to perform static code analysis on C / C++ code
[0.334s] -- Configured cppcheck include dirs: 
[0.334s] -- Configured cppcheck exclude dirs and/or files: 
[0.340s] -- Added test 'cpplint' to check C / C++ code against the Google style
[0.340s] -- Configured cpplint exclude dirs and/or files: 
[0.341s] -- Added test 'flake8' to check Python code syntax and style conventions
[0.342s] -- Added test 'lint_cmake' to check CMake code style
[0.343s] -- Added test 'pep257' to check Python code against some of the docstring style conventions in PEP 257
[0.348s] -- Added test 'uncrustify' to check C / C++ code style
[0.348s] -- Configured uncrustify additional arguments: 
[0.349s] -- Added test 'xmllint' to check XML markup files
[0.351s] -- Configuring done
[0.357s] -- Generating done
[0.358s] -- Build files have been written to: /home/notthecoolkid/mrt_URDF/build/articubot_one
[0.362s] Invoked command in '/home/notthecoolkid/mrt_URDF/build/articubot_one' returned '0': CMAKE_PREFIX_PATH=/home/notthecoolkid/mrt_ws/install/week0_tutorials:/home/notthecoolkid/mrt_ws/install/sauron:/opt/ros/humble /usr/bin/cmake /home/notthecoolkid/mrt_URDF/src/articubot_one -DCMAKE_INSTALL_PREFIX=/home/notthecoolkid/mrt_URDF/install/articubot_one
[0.364s] Invoking command in '/home/notthecoolkid/mrt_URDF/build/articubot_one': CMAKE_PREFIX_PATH=/home/notthecoolkid/mrt_ws/install/week0_tutorials:/home/notthecoolkid/mrt_ws/install/sauron:/opt/ros/humble /usr/bin/cmake --build /home/notthecoolkid/mrt_URDF/build/articubot_one -- -j20 -l20
[0.411s] Invoked command in '/home/notthecoolkid/mrt_URDF/build/articubot_one' returned '0': CMAKE_PREFIX_PATH=/home/notthecoolkid/mrt_ws/install/week0_tutorials:/home/notthecoolkid/mrt_ws/install/sauron:/opt/ros/humble /usr/bin/cmake --build /home/notthecoolkid/mrt_URDF/build/articubot_one -- -j20 -l20
[0.449s] Invoking command in '/home/notthecoolkid/mrt_URDF/build/articubot_one': CMAKE_PREFIX_PATH=/home/notthecoolkid/mrt_ws/install/week0_tutorials:/home/notthecoolkid/mrt_ws/install/sauron:/opt/ros/humble /usr/bin/cmake --install /home/notthecoolkid/mrt_URDF/build/articubot_one
[0.459s] -- Install configuration: ""
[0.460s] -- Execute custom install script
[0.461s] -- Up-to-date symlink: /home/notthecoolkid/mrt_URDF/install/articubot_one/share/articubot_one/config/empty.yaml
[0.461s] -- Up-to-date symlink: /home/notthecoolkid/mrt_URDF/install/articubot_one/share/articubot_one/config/view_bot.rviz
[0.462s] -- Up-to-date symlink: /home/notthecoolkid/mrt_URDF/install/articubot_one/share/articubot_one/description/inertial_macros.xacro
[0.462s] -- Up-to-date symlink: /home/notthecoolkid/mrt_URDF/install/articubot_one/share/articubot_one/description/robot.urdf.xacro
[0.462s] -- Up-to-date symlink: /home/notthecoolkid/mrt_URDF/install/articubot_one/share/articubot_one/description/robot_core.xacro
[0.462s] -- Up-to-date symlink: /home/notthecoolkid/mrt_URDF/install/articubot_one/share/articubot_one/launch/rsp.launch.py
[0.462s] -- Up-to-date symlink: /home/notthecoolkid/mrt_URDF/install/articubot_one/share/articubot_one/worlds/empty.world
[0.463s] -- Up-to-date symlink: /home/notthecoolkid/mrt_URDF/install/articubot_one/share/ament_index/resource_index/package_run_dependencies/articubot_one
[0.463s] -- Up-to-date symlink: /home/notthecoolkid/mrt_URDF/install/articubot_one/share/ament_index/resource_index/parent_prefix_path/articubot_one
[0.463s] -- Up-to-date symlink: /home/notthecoolkid/mrt_URDF/install/articubot_one/share/articubot_one/environment/ament_prefix_path.sh
[0.464s] -- Up-to-date symlink: /home/notthecoolkid/mrt_URDF/install/articubot_one/share/articubot_one/environment/ament_prefix_path.dsv
[0.464s] -- Up-to-date symlink: /home/notthecoolkid/mrt_URDF/install/articubot_one/share/articubot_one/environment/path.sh
[0.464s] -- Up-to-date symlink: /home/notthecoolkid/mrt_URDF/install/articubot_one/share/articubot_one/environment/path.dsv
[0.464s] -- Up-to-date symlink: /home/notthecoolkid/mrt_URDF/install/articubot_one/share/articubot_one/local_setup.bash
[0.464s] -- Up-to-date symlink: /home/notthecoolkid/mrt_URDF/install/articubot_one/share/articubot_one/local_setup.sh
[0.464s] -- Up-to-date symlink: /home/notthecoolkid/mrt_URDF/install/articubot_one/share/articubot_one/local_setup.zsh
[0.465s] -- Up-to-date symlink: /home/notthecoolkid/mrt_URDF/install/articubot_one/share/articubot_one/local_setup.dsv
[0.465s] -- Symlinking: /home/notthecoolkid/mrt_URDF/install/articubot_one/share/articubot_one/package.dsv
[0.475s] -- Up-to-date symlink: /home/notthecoolkid/mrt_URDF/install/articubot_one/share/ament_index/resource_index/packages/articubot_one
[0.475s] -- Up-to-date symlink: /home/notthecoolkid/mrt_URDF/install/articubot_one/share/articubot_one/cmake/articubot_oneConfig.cmake
[0.476s] -- Up-to-date symlink: /home/notthecoolkid/mrt_URDF/install/articubot_one/share/articubot_one/cmake/articubot_oneConfig-version.cmake
[0.476s] -- Up-to-date symlink: /home/notthecoolkid/mrt_URDF/install/articubot_one/share/articubot_one/package.xml
[0.478s] Invoked command in '/home/notthecoolkid/mrt_URDF/build/articubot_one' returned '0': CMAKE_PREFIX_PATH=/home/notthecoolkid/mrt_ws/install/week0_tutorials:/home/notthecoolkid/mrt_ws/install/sauron:/opt/ros/humble /usr/bin/cmake --install /home/notthecoolkid/mrt_URDF/build/articubot_one
