[0.117s] DEBUG:colcon:Command line arguments: ['/usr/bin/colcon', 'build']
[0.117s] DEBUG:colcon:Parsed command line arguments: Namespace(log_base=None, log_level=None, verb_name='build', build_base='build', install_base='install', merge_install=False, symlink_install=False, test_result_base=None, continue_on_error=False, executor='parallel', parallel_workers=20, event_handlers=None, ignore_user_meta=False, metas=['./colcon.meta'], base_paths=['.'], packages_ignore=None, packages_ignore_regex=None, paths=None, packages_up_to=None, packages_up_to_regex=None, packages_above=None, packages_above_and_dependencies=None, packages_above_depth=None, packages_select_by_dep=None, packages_skip_by_dep=None, packages_skip_up_to=None, packages_select_build_failed=False, packages_skip_build_finished=False, packages_select_test_failures=False, packages_skip_test_passed=False, packages_select=None, packages_skip=None, packages_select_regex=None, packages_skip_regex=None, packages_start=None, packages_end=None, allow_overriding=[], cmake_args=None, cmake_target=None, cmake_target_skip_unavailable=False, cmake_clean_cache=False, cmake_clean_first=False, cmake_force_configure=False, ament_cmake_args=None, catkin_cmake_args=None, catkin_skip_building_tests=False, mixin_files=None, mixin=None, verb_parser=<colcon_mixin.mixin.mixin_argument.MixinArgumentDecorator object at 0x77ad2e3429b0>, verb_extension=<colcon_core.verb.build.BuildVerb object at 0x77ad2e342500>, main=<bound method BuildVerb.main of <colcon_core.verb.build.BuildVerb object at 0x77ad2e342500>>, mixin_verb=('build',))
[0.281s] Level 1:colcon.colcon_core.package_discovery:discover_packages(colcon_meta) check parameters
[0.281s] Level 1:colcon.colcon_core.package_discovery:discover_packages(recursive) check parameters
[0.281s] Level 1:colcon.colcon_core.package_discovery:discover_packages(ignore) check parameters
[0.281s] Level 1:colcon.colcon_core.package_discovery:discover_packages(path) check parameters
[0.281s] Level 1:colcon.colcon_core.package_discovery:discover_packages(colcon_meta) discover
[0.281s] Level 1:colcon.colcon_core.package_discovery:discover_packages(recursive) discover
[0.281s] INFO:colcon.colcon_core.package_discovery:Crawling recursively for packages in '/home/notthecoolkid/mrt_URDF/src'
[0.281s] Level 1:colcon.colcon_core.package_identification:_identify(.) by extensions ['ignore', 'ignore_ament_install']
[0.281s] Level 1:colcon.colcon_core.package_identification:_identify(.) by extension 'ignore'
[0.281s] Level 1:colcon.colcon_core.package_identification:_identify(.) by extension 'ignore_ament_install'
[0.281s] Level 1:colcon.colcon_core.package_identification:_identify(.) by extensions ['colcon_pkg']
[0.281s] Level 1:colcon.colcon_core.package_identification:_identify(.) by extension 'colcon_pkg'
[0.281s] Level 1:colcon.colcon_core.package_identification:_identify(.) by extensions ['colcon_meta']
[0.281s] Level 1:colcon.colcon_core.package_identification:_identify(.) by extension 'colcon_meta'
[0.281s] Level 1:colcon.colcon_core.package_identification:_identify(.) by extensions ['ros']
[0.281s] Level 1:colcon.colcon_core.package_identification:_identify(.) by extension 'ros'
[0.293s] Level 1:colcon.colcon_core.package_identification:_identify(.) by extensions ['cmake', 'python']
[0.293s] Level 1:colcon.colcon_core.package_identification:_identify(.) by extension 'cmake'
[0.293s] Level 1:colcon.colcon_core.package_identification:_identify(.) by extension 'python'
[0.293s] Level 1:colcon.colcon_core.package_identification:_identify(.) by extensions ['python_setup_py']
[0.293s] Level 1:colcon.colcon_core.package_identification:_identify(.) by extension 'python_setup_py'
[0.293s] Level 1:colcon.colcon_core.package_identification:_identify(articubot_one) by extensions ['ignore', 'ignore_ament_install']
[0.293s] Level 1:colcon.colcon_core.package_identification:_identify(articubot_one) by extension 'ignore'
[0.294s] Level 1:colcon.colcon_core.package_identification:_identify(articubot_one) by extension 'ignore_ament_install'
[0.294s] Level 1:colcon.colcon_core.package_identification:_identify(articubot_one) by extensions ['colcon_pkg']
[0.294s] Level 1:colcon.colcon_core.package_identification:_identify(articubot_one) by extension 'colcon_pkg'
[0.294s] Level 1:colcon.colcon_core.package_identification:_identify(articubot_one) by extensions ['colcon_meta']
[0.294s] Level 1:colcon.colcon_core.package_identification:_identify(articubot_one) by extension 'colcon_meta'
[0.294s] Level 1:colcon.colcon_core.package_identification:_identify(articubot_one) by extensions ['ros']
[0.294s] Level 1:colcon.colcon_core.package_identification:_identify(articubot_one) by extension 'ros'
[0.296s] DEBUG:colcon.colcon_core.package_identification:Package 'articubot_one' with type 'ros.ament_cmake' and name 'articubot_one'
[0.296s] Level 1:colcon.colcon_core.package_identification:_identify(build) by extensions ['ignore', 'ignore_ament_install']
[0.296s] Level 1:colcon.colcon_core.package_identification:_identify(build) by extension 'ignore'
[0.296s] Level 1:colcon.colcon_core.package_identification:_identify(build) ignored
[0.296s] Level 1:colcon.colcon_core.package_identification:_identify(install) by extensions ['ignore', 'ignore_ament_install']
[0.297s] Level 1:colcon.colcon_core.package_identification:_identify(install) by extension 'ignore'
[0.297s] Level 1:colcon.colcon_core.package_identification:_identify(install) ignored
[0.297s] Level 1:colcon.colcon_core.package_identification:_identify(log) by extensions ['ignore', 'ignore_ament_install']
[0.297s] Level 1:colcon.colcon_core.package_identification:_identify(log) by extension 'ignore'
[0.297s] Level 1:colcon.colcon_core.package_identification:_identify(log) ignored
[0.297s] Level 1:colcon.colcon_core.package_discovery:discover_packages(recursive) using defaults
[0.297s] Level 1:colcon.colcon_core.package_discovery:discover_packages(ignore) discover
[0.297s] Level 1:colcon.colcon_core.package_discovery:discover_packages(ignore) using defaults
[0.297s] Level 1:colcon.colcon_core.package_discovery:discover_packages(path) discover
[0.297s] Level 1:colcon.colcon_core.package_discovery:discover_packages(path) using defaults
[0.328s] Level 1:colcon.colcon_core.package_discovery:discover_packages(prefix_path) check parameters
[0.328s] Level 1:colcon.colcon_core.package_discovery:discover_packages(prefix_path) discover
[0.329s] WARNING:colcon.colcon_ros.prefix_path.ament:The path '/home/notthecoolkid/mrt_URDF/src/install/articubot_one' in the environment variable AMENT_PREFIX_PATH doesn't exist
[0.330s] WARNING:colcon.colcon_ros.prefix_path.catkin:The path '/home/notthecoolkid/mrt_URDF/src/install/articubot_one' in the environment variable CMAKE_PREFIX_PATH doesn't exist
[0.330s] DEBUG:colcon.colcon_installed_package_information.package_discovery:Found 1 installed packages in /home/notthecoolkid/urdf/install
[0.331s] DEBUG:colcon.colcon_installed_package_information.package_discovery:Found 2 installed packages in /home/notthecoolkid/mrt_ws/install
[0.331s] DEBUG:colcon.colcon_installed_package_information.package_discovery:Found 0 installed packages in /home/notthecoolkid/mrt_URDF/src/install
[0.332s] DEBUG:colcon.colcon_installed_package_information.package_discovery:Found 298 installed packages in /opt/ros/humble
[0.334s] Level 1:colcon.colcon_core.package_discovery:discover_packages(prefix_path) using defaults
[0.384s] Level 5:colcon.colcon_core.verb:set package 'articubot_one' build argument 'cmake_args' from command line to 'None'
[0.384s] Level 5:colcon.colcon_core.verb:set package 'articubot_one' build argument 'cmake_target' from command line to 'None'
[0.384s] Level 5:colcon.colcon_core.verb:set package 'articubot_one' build argument 'cmake_target_skip_unavailable' from command line to 'False'
[0.384s] Level 5:colcon.colcon_core.verb:set package 'articubot_one' build argument 'cmake_clean_cache' from command line to 'False'
[0.384s] Level 5:colcon.colcon_core.verb:set package 'articubot_one' build argument 'cmake_clean_first' from command line to 'False'
[0.384s] Level 5:colcon.colcon_core.verb:set package 'articubot_one' build argument 'cmake_force_configure' from command line to 'False'
[0.384s] Level 5:colcon.colcon_core.verb:set package 'articubot_one' build argument 'ament_cmake_args' from command line to 'None'
[0.384s] Level 5:colcon.colcon_core.verb:set package 'articubot_one' build argument 'catkin_cmake_args' from command line to 'None'
[0.384s] Level 5:colcon.colcon_core.verb:set package 'articubot_one' build argument 'catkin_skip_building_tests' from command line to 'False'
[0.384s] DEBUG:colcon.colcon_core.verb:Building package 'articubot_one' with the following arguments: {'ament_cmake_args': None, 'build_base': '/home/notthecoolkid/mrt_URDF/src/build/articubot_one', 'catkin_cmake_args': None, 'catkin_skip_building_tests': False, 'cmake_args': None, 'cmake_clean_cache': False, 'cmake_clean_first': False, 'cmake_force_configure': False, 'cmake_target': None, 'cmake_target_skip_unavailable': False, 'install_base': '/home/notthecoolkid/mrt_URDF/src/install/articubot_one', 'merge_install': False, 'path': '/home/notthecoolkid/mrt_URDF/src/articubot_one', 'symlink_install': False, 'test_result_base': None}
[0.384s] INFO:colcon.colcon_core.executor:Executing jobs using 'parallel' executor
[0.386s] DEBUG:colcon.colcon_parallel_executor.executor.parallel:run_until_complete
[0.386s] INFO:colcon.colcon_ros.task.ament_cmake.build:Building ROS package in '/home/notthecoolkid/mrt_URDF/src/articubot_one' with build type 'ament_cmake'
[0.386s] INFO:colcon.colcon_cmake.task.cmake.build:Building CMake package in '/home/notthecoolkid/mrt_URDF/src/articubot_one'
[0.389s] INFO:colcon.colcon_core.plugin_system:Skipping extension 'colcon_core.shell.bat': Not used on non-Windows systems
[0.389s] INFO:colcon.colcon_core.shell:Skip shell extension 'powershell' for command environment: Not usable outside of PowerShell
[0.389s] DEBUG:colcon.colcon_core.shell:Skip shell extension 'dsv' for command environment
[0.400s] DEBUG:colcon.colcon_core.event_handler.log_command:Invoking command in '/home/notthecoolkid/mrt_URDF/src/build/articubot_one': CMAKE_PREFIX_PATH=${CMAKE_PREFIX_PATH}:/home/notthecoolkid/mrt_ws/install/week0_tutorials:/home/notthecoolkid/mrt_ws/install/sauron:/opt/ros/humble /usr/bin/cmake /home/notthecoolkid/mrt_URDF/src/articubot_one -DCMAKE_INSTALL_PREFIX=/home/notthecoolkid/mrt_URDF/src/install/articubot_one
[1.225s] DEBUG:colcon.colcon_core.event_handler.log_command:Invoked command in '/home/notthecoolkid/mrt_URDF/src/build/articubot_one' returned '0': CMAKE_PREFIX_PATH=${CMAKE_PREFIX_PATH}:/home/notthecoolkid/mrt_ws/install/week0_tutorials:/home/notthecoolkid/mrt_ws/install/sauron:/opt/ros/humble /usr/bin/cmake /home/notthecoolkid/mrt_URDF/src/articubot_one -DCMAKE_INSTALL_PREFIX=/home/notthecoolkid/mrt_URDF/src/install/articubot_one
[1.229s] DEBUG:colcon.colcon_core.event_handler.log_command:Invoking command in '/home/notthecoolkid/mrt_URDF/src/build/articubot_one': CMAKE_PREFIX_PATH=${CMAKE_PREFIX_PATH}:/home/notthecoolkid/mrt_ws/install/week0_tutorials:/home/notthecoolkid/mrt_ws/install/sauron:/opt/ros/humble /usr/bin/cmake --build /home/notthecoolkid/mrt_URDF/src/build/articubot_one -- -j20 -l20
[1.279s] DEBUG:colcon.colcon_core.event_handler.log_command:Invoked command in '/home/notthecoolkid/mrt_URDF/src/build/articubot_one' returned '0': CMAKE_PREFIX_PATH=${CMAKE_PREFIX_PATH}:/home/notthecoolkid/mrt_ws/install/week0_tutorials:/home/notthecoolkid/mrt_ws/install/sauron:/opt/ros/humble /usr/bin/cmake --build /home/notthecoolkid/mrt_URDF/src/build/articubot_one -- -j20 -l20
[1.316s] DEBUG:colcon.colcon_core.event_handler.log_command:Invoking command in '/home/notthecoolkid/mrt_URDF/src/build/articubot_one': CMAKE_PREFIX_PATH=${CMAKE_PREFIX_PATH}:/home/notthecoolkid/mrt_ws/install/week0_tutorials:/home/notthecoolkid/mrt_ws/install/sauron:/opt/ros/humble /usr/bin/cmake --install /home/notthecoolkid/mrt_URDF/src/build/articubot_one
[1.332s] Level 1:colcon.colcon_core.environment:create_environment_scripts_only(articubot_one)
[1.333s] DEBUG:colcon.colcon_core.event_handler.log_command:Invoked command in '/home/notthecoolkid/mrt_URDF/src/build/articubot_one' returned '0': CMAKE_PREFIX_PATH=${CMAKE_PREFIX_PATH}:/home/notthecoolkid/mrt_ws/install/week0_tutorials:/home/notthecoolkid/mrt_ws/install/sauron:/opt/ros/humble /usr/bin/cmake --install /home/notthecoolkid/mrt_URDF/src/build/articubot_one
[1.336s] Level 1:colcon.colcon_core.environment:checking '/home/notthecoolkid/mrt_URDF/src/install/articubot_one' for CMake module files
[1.336s] Level 1:colcon.colcon_core.environment:checking '/home/notthecoolkid/mrt_URDF/src/install/articubot_one' for CMake config files
[1.336s] Level 1:colcon.colcon_core.shell:create_environment_hook('articubot_one', 'cmake_prefix_path')
[1.337s] INFO:colcon.colcon_core.shell:Creating environment hook '/home/notthecoolkid/mrt_URDF/src/install/articubot_one/share/articubot_one/hook/cmake_prefix_path.ps1'
[1.338s] INFO:colcon.colcon_core.shell:Creating environment descriptor '/home/notthecoolkid/mrt_URDF/src/install/articubot_one/share/articubot_one/hook/cmake_prefix_path.dsv'
[1.338s] INFO:colcon.colcon_core.shell:Creating environment hook '/home/notthecoolkid/mrt_URDF/src/install/articubot_one/share/articubot_one/hook/cmake_prefix_path.sh'
[1.340s] Level 1:colcon.colcon_core.environment:checking '/home/notthecoolkid/mrt_URDF/src/install/articubot_one/bin'
[1.340s] Level 1:colcon.colcon_core.environment:checking '/home/notthecoolkid/mrt_URDF/src/install/articubot_one/lib/pkgconfig/articubot_one.pc'
[1.340s] Level 1:colcon.colcon_core.environment:checking '/home/notthecoolkid/mrt_URDF/src/install/articubot_one/lib/python3.10/site-packages'
[1.340s] Level 1:colcon.colcon_core.environment:checking '/home/notthecoolkid/mrt_URDF/src/install/articubot_one/bin'
[1.341s] INFO:colcon.colcon_core.shell:Creating package script '/home/notthecoolkid/mrt_URDF/src/install/articubot_one/share/articubot_one/package.ps1'
[1.342s] INFO:colcon.colcon_core.shell:Creating package descriptor '/home/notthecoolkid/mrt_URDF/src/install/articubot_one/share/articubot_one/package.dsv'
[1.343s] INFO:colcon.colcon_core.shell:Creating package script '/home/notthecoolkid/mrt_URDF/src/install/articubot_one/share/articubot_one/package.sh'
[1.343s] INFO:colcon.colcon_core.shell:Creating package script '/home/notthecoolkid/mrt_URDF/src/install/articubot_one/share/articubot_one/package.bash'
[1.344s] INFO:colcon.colcon_core.shell:Creating package script '/home/notthecoolkid/mrt_URDF/src/install/articubot_one/share/articubot_one/package.zsh'
[1.345s] Level 1:colcon.colcon_core.environment:create_file_with_runtime_dependencies(/home/notthecoolkid/mrt_URDF/src/install/articubot_one/share/colcon-core/packages/articubot_one)
[1.372s] Level 1:colcon.colcon_core.environment:create_environment_scripts_only(articubot_one)
[1.373s] Level 1:colcon.colcon_core.environment:checking '/home/notthecoolkid/mrt_URDF/src/install/articubot_one' for CMake module files
[1.373s] Level 1:colcon.colcon_core.environment:checking '/home/notthecoolkid/mrt_URDF/src/install/articubot_one' for CMake config files
[1.373s] Level 1:colcon.colcon_core.shell:create_environment_hook('articubot_one', 'cmake_prefix_path')
[1.374s] INFO:colcon.colcon_core.shell:Creating environment hook '/home/notthecoolkid/mrt_URDF/src/install/articubot_one/share/articubot_one/hook/cmake_prefix_path.ps1'
[1.374s] INFO:colcon.colcon_core.shell:Creating environment descriptor '/home/notthecoolkid/mrt_URDF/src/install/articubot_one/share/articubot_one/hook/cmake_prefix_path.dsv'
[1.375s] INFO:colcon.colcon_core.shell:Creating environment hook '/home/notthecoolkid/mrt_URDF/src/install/articubot_one/share/articubot_one/hook/cmake_prefix_path.sh'
[1.375s] Level 1:colcon.colcon_core.environment:checking '/home/notthecoolkid/mrt_URDF/src/install/articubot_one/bin'
[1.375s] Level 1:colcon.colcon_core.environment:checking '/home/notthecoolkid/mrt_URDF/src/install/articubot_one/lib/pkgconfig/articubot_one.pc'
[1.376s] Level 1:colcon.colcon_core.environment:checking '/home/notthecoolkid/mrt_URDF/src/install/articubot_one/lib/python3.10/site-packages'
[1.376s] Level 1:colcon.colcon_core.environment:checking '/home/notthecoolkid/mrt_URDF/src/install/articubot_one/bin'
[1.376s] INFO:colcon.colcon_core.shell:Creating package script '/home/notthecoolkid/mrt_URDF/src/install/articubot_one/share/articubot_one/package.ps1'
[1.377s] INFO:colcon.colcon_core.shell:Creating package descriptor '/home/notthecoolkid/mrt_URDF/src/install/articubot_one/share/articubot_one/package.dsv'
[1.377s] INFO:colcon.colcon_core.shell:Creating package script '/home/notthecoolkid/mrt_URDF/src/install/articubot_one/share/articubot_one/package.sh'
[1.378s] INFO:colcon.colcon_core.shell:Creating package script '/home/notthecoolkid/mrt_URDF/src/install/articubot_one/share/articubot_one/package.bash'
[1.378s] INFO:colcon.colcon_core.shell:Creating package script '/home/notthecoolkid/mrt_URDF/src/install/articubot_one/share/articubot_one/package.zsh'
[1.378s] Level 1:colcon.colcon_core.environment:create_file_with_runtime_dependencies(/home/notthecoolkid/mrt_URDF/src/install/articubot_one/share/colcon-core/packages/articubot_one)
[1.379s] DEBUG:colcon.colcon_parallel_executor.executor.parallel:closing loop
[1.379s] DEBUG:colcon.colcon_parallel_executor.executor.parallel:loop closed
[1.379s] DEBUG:colcon.colcon_parallel_executor.executor.parallel:run_until_complete finished with '0'
[1.379s] DEBUG:colcon.colcon_core.event_reactor:joining thread
[1.385s] INFO:colcon.colcon_core.plugin_system:Skipping extension 'colcon_notification.desktop_notification.terminal_notifier': Not used on non-Darwin systems
[1.386s] INFO:colcon.colcon_core.plugin_system:Skipping extension 'colcon_notification.desktop_notification.win32': Not used on non-Windows systems
[1.386s] INFO:colcon.colcon_notification.desktop_notification:Sending desktop notification using 'notify2'
[1.400s] DEBUG:colcon.colcon_core.event_reactor:joined thread
[1.400s] INFO:colcon.colcon_core.shell:Creating prefix script '/home/notthecoolkid/mrt_URDF/src/install/local_setup.ps1'
[1.402s] INFO:colcon.colcon_core.shell:Creating prefix util module '/home/notthecoolkid/mrt_URDF/src/install/_local_setup_util_ps1.py'
[1.403s] INFO:colcon.colcon_core.shell:Creating prefix chain script '/home/notthecoolkid/mrt_URDF/src/install/setup.ps1'
[1.405s] INFO:colcon.colcon_core.shell:Creating prefix script '/home/notthecoolkid/mrt_URDF/src/install/local_setup.sh'
[1.405s] INFO:colcon.colcon_core.shell:Creating prefix util module '/home/notthecoolkid/mrt_URDF/src/install/_local_setup_util_sh.py'
[1.406s] INFO:colcon.colcon_core.shell:Creating prefix chain script '/home/notthecoolkid/mrt_URDF/src/install/setup.sh'
[1.408s] INFO:colcon.colcon_core.shell:Creating prefix script '/home/notthecoolkid/mrt_URDF/src/install/local_setup.bash'
[1.408s] INFO:colcon.colcon_core.shell:Creating prefix chain script '/home/notthecoolkid/mrt_URDF/src/install/setup.bash'
[1.410s] INFO:colcon.colcon_core.shell:Creating prefix script '/home/notthecoolkid/mrt_URDF/src/install/local_setup.zsh'
[1.411s] INFO:colcon.colcon_core.shell:Creating prefix chain script '/home/notthecoolkid/mrt_URDF/src/install/setup.zsh'
