[0.107s] DEBUG:colcon:Command line arguments: ['/usr/bin/colcon', 'build']
[0.107s] DEBUG:colcon:Parsed command line arguments: Namespace(log_base=None, log_level=None, verb_name='build', build_base='build', install_base='install', merge_install=False, symlink_install=False, test_result_base=None, continue_on_error=False, executor='parallel', parallel_workers=20, event_handlers=None, ignore_user_meta=False, metas=['./colcon.meta'], base_paths=['.'], packages_ignore=None, packages_ignore_regex=None, paths=None, packages_up_to=None, packages_up_to_regex=None, packages_above=None, packages_above_and_dependencies=None, packages_above_depth=None, packages_select_by_dep=None, packages_skip_by_dep=None, packages_skip_up_to=None, packages_select_build_failed=False, packages_skip_build_finished=False, packages_select_test_failures=False, packages_skip_test_passed=False, packages_select=None, packages_skip=None, packages_select_regex=None, packages_skip_regex=None, packages_start=None, packages_end=None, allow_overriding=[], cmake_args=None, cmake_target=None, cmake_target_skip_unavailable=False, cmake_clean_cache=False, cmake_clean_first=False, cmake_force_configure=False, ament_cmake_args=None, catkin_cmake_args=None, catkin_skip_building_tests=False, mixin_files=None, mixin=None, verb_parser=<colcon_mixin.mixin.mixin_argument.MixinArgumentDecorator object at 0x7d33357aa9b0>, verb_extension=<colcon_core.verb.build.BuildVerb object at 0x7d33357aa500>, main=<bound method BuildVerb.main of <colcon_core.verb.build.BuildVerb object at 0x7d33357aa500>>, mixin_verb=('build',))
[0.266s] Level 1:colcon.colcon_core.package_discovery:discover_packages(colcon_meta) check parameters
[0.266s] Level 1:colcon.colcon_core.package_discovery:discover_packages(recursive) check parameters
[0.266s] Level 1:colcon.colcon_core.package_discovery:discover_packages(ignore) check parameters
[0.276s] Level 1:colcon.colcon_core.package_discovery:discover_packages(path) check parameters
[0.276s] Level 1:colcon.colcon_core.package_discovery:discover_packages(colcon_meta) discover
[0.276s] Level 1:colcon.colcon_core.package_discovery:discover_packages(recursive) discover
[0.276s] INFO:colcon.colcon_core.package_discovery:Crawling recursively for packages in '/home/notthecoolkid/mrt_URDF/src'
[0.276s] Level 1:colcon.colcon_core.package_identification:_identify(.) by extensions ['ignore', 'ignore_ament_install']
[0.276s] Level 1:colcon.colcon_core.package_identification:_identify(.) by extension 'ignore'
[0.276s] Level 1:colcon.colcon_core.package_identification:_identify(.) by extension 'ignore_ament_install'
[0.277s] Level 1:colcon.colcon_core.package_identification:_identify(.) by extensions ['colcon_pkg']
[0.277s] Level 1:colcon.colcon_core.package_identification:_identify(.) by extension 'colcon_pkg'
[0.277s] Level 1:colcon.colcon_core.package_identification:_identify(.) by extensions ['colcon_meta']
[0.277s] Level 1:colcon.colcon_core.package_identification:_identify(.) by extension 'colcon_meta'
[0.277s] Level 1:colcon.colcon_core.package_identification:_identify(.) by extensions ['ros']
[0.277s] Level 1:colcon.colcon_core.package_identification:_identify(.) by extension 'ros'
[0.291s] Level 1:colcon.colcon_core.package_identification:_identify(.) by extensions ['cmake', 'python']
[0.291s] Level 1:colcon.colcon_core.package_identification:_identify(.) by extension 'cmake'
[0.291s] Level 1:colcon.colcon_core.package_identification:_identify(.) by extension 'python'
[0.291s] Level 1:colcon.colcon_core.package_identification:_identify(.) by extensions ['python_setup_py']
[0.291s] Level 1:colcon.colcon_core.package_identification:_identify(.) by extension 'python_setup_py'
[0.291s] Level 1:colcon.colcon_core.package_identification:_identify(articubot_one) by extensions ['ignore', 'ignore_ament_install']
[0.291s] Level 1:colcon.colcon_core.package_identification:_identify(articubot_one) by extension 'ignore'
[0.291s] Level 1:colcon.colcon_core.package_identification:_identify(articubot_one) by extension 'ignore_ament_install'
[0.291s] Level 1:colcon.colcon_core.package_identification:_identify(articubot_one) by extensions ['colcon_pkg']
[0.291s] Level 1:colcon.colcon_core.package_identification:_identify(articubot_one) by extension 'colcon_pkg'
[0.291s] Level 1:colcon.colcon_core.package_identification:_identify(articubot_one) by extensions ['colcon_meta']
[0.291s] Level 1:colcon.colcon_core.package_identification:_identify(articubot_one) by extension 'colcon_meta'
[0.291s] Level 1:colcon.colcon_core.package_identification:_identify(articubot_one) by extensions ['ros']
[0.291s] Level 1:colcon.colcon_core.package_identification:_identify(articubot_one) by extension 'ros'
[0.294s] DEBUG:colcon.colcon_core.package_identification:Package 'articubot_one' with type 'ros.ament_cmake' and name 'articubot_one'
[0.294s] Level 1:colcon.colcon_core.package_identification:_identify(build) by extensions ['ignore', 'ignore_ament_install']
[0.294s] Level 1:colcon.colcon_core.package_identification:_identify(build) by extension 'ignore'
[0.294s] Level 1:colcon.colcon_core.package_identification:_identify(build) ignored
[0.294s] Level 1:colcon.colcon_core.package_identification:_identify(install) by extensions ['ignore', 'ignore_ament_install']
[0.294s] Level 1:colcon.colcon_core.package_identification:_identify(install) by extension 'ignore'
[0.294s] Level 1:colcon.colcon_core.package_identification:_identify(install) ignored
[0.294s] Level 1:colcon.colcon_core.package_identification:_identify(log) by extensions ['ignore', 'ignore_ament_install']
[0.294s] Level 1:colcon.colcon_core.package_identification:_identify(log) by extension 'ignore'
[0.294s] Level 1:colcon.colcon_core.package_identification:_identify(log) ignored
[0.294s] Level 1:colcon.colcon_core.package_discovery:discover_packages(recursive) using defaults
[0.294s] Level 1:colcon.colcon_core.package_discovery:discover_packages(ignore) discover
[0.294s] Level 1:colcon.colcon_core.package_discovery:discover_packages(ignore) using defaults
[0.294s] Level 1:colcon.colcon_core.package_discovery:discover_packages(path) discover
[0.294s] Level 1:colcon.colcon_core.package_discovery:discover_packages(path) using defaults
[0.326s] Level 1:colcon.colcon_core.package_discovery:discover_packages(prefix_path) check parameters
[0.326s] Level 1:colcon.colcon_core.package_discovery:discover_packages(prefix_path) discover
[0.328s] DEBUG:colcon.colcon_installed_package_information.package_discovery:Found 1 installed packages in /home/notthecoolkid/mrt_URDF/src/install
[0.329s] DEBUG:colcon.colcon_installed_package_information.package_discovery:Found 2 installed packages in /home/notthecoolkid/mrt_ws/install
[0.330s] DEBUG:colcon.colcon_installed_package_information.package_discovery:Found 298 installed packages in /opt/ros/humble
[0.331s] Level 1:colcon.colcon_core.package_discovery:discover_packages(prefix_path) using defaults
[0.370s] Level 5:colcon.colcon_core.verb:set package 'articubot_one' build argument 'cmake_args' from command line to 'None'
[0.370s] Level 5:colcon.colcon_core.verb:set package 'articubot_one' build argument 'cmake_target' from command line to 'None'
[0.370s] Level 5:colcon.colcon_core.verb:set package 'articubot_one' build argument 'cmake_target_skip_unavailable' from command line to 'False'
[0.370s] Level 5:colcon.colcon_core.verb:set package 'articubot_one' build argument 'cmake_clean_cache' from command line to 'False'
[0.370s] Level 5:colcon.colcon_core.verb:set package 'articubot_one' build argument 'cmake_clean_first' from command line to 'False'
[0.370s] Level 5:colcon.colcon_core.verb:set package 'articubot_one' build argument 'cmake_force_configure' from command line to 'False'
[0.370s] Level 5:colcon.colcon_core.verb:set package 'articubot_one' build argument 'ament_cmake_args' from command line to 'None'
[0.370s] Level 5:colcon.colcon_core.verb:set package 'articubot_one' build argument 'catkin_cmake_args' from command line to 'None'
[0.370s] Level 5:colcon.colcon_core.verb:set package 'articubot_one' build argument 'catkin_skip_building_tests' from command line to 'False'
[0.370s] DEBUG:colcon.colcon_core.verb:Building package 'articubot_one' with the following arguments: {'ament_cmake_args': None, 'build_base': '/home/notthecoolkid/mrt_URDF/src/build/articubot_one', 'catkin_cmake_args': None, 'catkin_skip_building_tests': False, 'cmake_args': None, 'cmake_clean_cache': False, 'cmake_clean_first': False, 'cmake_force_configure': False, 'cmake_target': None, 'cmake_target_skip_unavailable': False, 'install_base': '/home/notthecoolkid/mrt_URDF/src/install/articubot_one', 'merge_install': False, 'path': '/home/notthecoolkid/mrt_URDF/src/articubot_one', 'symlink_install': False, 'test_result_base': None}
[0.370s] INFO:colcon.colcon_core.executor:Executing jobs using 'parallel' executor
[0.371s] DEBUG:colcon.colcon_parallel_executor.executor.parallel:run_until_complete
[0.371s] INFO:colcon.colcon_ros.task.ament_cmake.build:Building ROS package in '/home/notthecoolkid/mrt_URDF/src/articubot_one' with build type 'ament_cmake'
[0.371s] INFO:colcon.colcon_cmake.task.cmake.build:Building CMake package in '/home/notthecoolkid/mrt_URDF/src/articubot_one'
[0.374s] INFO:colcon.colcon_core.plugin_system:Skipping extension 'colcon_core.shell.bat': Not used on non-Windows systems
[0.374s] INFO:colcon.colcon_core.shell:Skip shell extension 'powershell' for command environment: Not usable outside of PowerShell
[0.374s] DEBUG:colcon.colcon_core.shell:Skip shell extension 'dsv' for command environment
[0.384s] DEBUG:colcon.colcon_core.event_handler.log_command:Invoking command in '/home/notthecoolkid/mrt_URDF/src/build/articubot_one': CMAKE_PREFIX_PATH=${CMAKE_PREFIX_PATH}:/home/notthecoolkid/mrt_ws/install/week0_tutorials:/home/notthecoolkid/mrt_ws/install/sauron:/opt/ros/humble /usr/bin/cmake --build /home/notthecoolkid/mrt_URDF/src/build/articubot_one -- -j20 -l20
[0.437s] DEBUG:colcon.colcon_core.event_handler.log_command:Invoked command in '/home/notthecoolkid/mrt_URDF/src/build/articubot_one' returned '0': CMAKE_PREFIX_PATH=${CMAKE_PREFIX_PATH}:/home/notthecoolkid/mrt_ws/install/week0_tutorials:/home/notthecoolkid/mrt_ws/install/sauron:/opt/ros/humble /usr/bin/cmake --build /home/notthecoolkid/mrt_URDF/src/build/articubot_one -- -j20 -l20
[0.477s] DEBUG:colcon.colcon_core.event_handler.log_command:Invoking command in '/home/notthecoolkid/mrt_URDF/src/build/articubot_one': CMAKE_PREFIX_PATH=${CMAKE_PREFIX_PATH}:/home/notthecoolkid/mrt_ws/install/week0_tutorials:/home/notthecoolkid/mrt_ws/install/sauron:/opt/ros/humble /usr/bin/cmake --install /home/notthecoolkid/mrt_URDF/src/build/articubot_one
[0.488s] Level 1:colcon.colcon_core.environment:create_environment_scripts_only(articubot_one)
[0.488s] DEBUG:colcon.colcon_core.event_handler.log_command:Invoked command in '/home/notthecoolkid/mrt_URDF/src/build/articubot_one' returned '0': CMAKE_PREFIX_PATH=${CMAKE_PREFIX_PATH}:/home/notthecoolkid/mrt_ws/install/week0_tutorials:/home/notthecoolkid/mrt_ws/install/sauron:/opt/ros/humble /usr/bin/cmake --install /home/notthecoolkid/mrt_URDF/src/build/articubot_one
[0.492s] Level 1:colcon.colcon_core.environment:checking '/home/notthecoolkid/mrt_URDF/src/install/articubot_one' for CMake module files
[0.493s] Level 1:colcon.colcon_core.environment:checking '/home/notthecoolkid/mrt_URDF/src/install/articubot_one' for CMake config files
[0.493s] Level 1:colcon.colcon_core.shell:create_environment_hook('articubot_one', 'cmake_prefix_path')
[0.493s] INFO:colcon.colcon_core.shell:Creating environment hook '/home/notthecoolkid/mrt_URDF/src/install/articubot_one/share/articubot_one/hook/cmake_prefix_path.ps1'
[0.494s] INFO:colcon.colcon_core.shell:Creating environment descriptor '/home/notthecoolkid/mrt_URDF/src/install/articubot_one/share/articubot_one/hook/cmake_prefix_path.dsv'
[0.495s] INFO:colcon.colcon_core.shell:Creating environment hook '/home/notthecoolkid/mrt_URDF/src/install/articubot_one/share/articubot_one/hook/cmake_prefix_path.sh'
[0.496s] Level 1:colcon.colcon_core.environment:checking '/home/notthecoolkid/mrt_URDF/src/install/articubot_one/bin'
[0.496s] Level 1:colcon.colcon_core.environment:checking '/home/notthecoolkid/mrt_URDF/src/install/articubot_one/lib/pkgconfig/articubot_one.pc'
[0.496s] Level 1:colcon.colcon_core.environment:checking '/home/notthecoolkid/mrt_URDF/src/install/articubot_one/lib/python3.10/site-packages'
[0.497s] Level 1:colcon.colcon_core.environment:checking '/home/notthecoolkid/mrt_URDF/src/install/articubot_one/bin'
[0.497s] INFO:colcon.colcon_core.shell:Creating package script '/home/notthecoolkid/mrt_URDF/src/install/articubot_one/share/articubot_one/package.ps1'
[0.498s] INFO:colcon.colcon_core.shell:Creating package descriptor '/home/notthecoolkid/mrt_URDF/src/install/articubot_one/share/articubot_one/package.dsv'
[0.499s] INFO:colcon.colcon_core.shell:Creating package script '/home/notthecoolkid/mrt_URDF/src/install/articubot_one/share/articubot_one/package.sh'
[0.500s] INFO:colcon.colcon_core.shell:Creating package script '/home/notthecoolkid/mrt_URDF/src/install/articubot_one/share/articubot_one/package.bash'
[0.501s] INFO:colcon.colcon_core.shell:Creating package script '/home/notthecoolkid/mrt_URDF/src/install/articubot_one/share/articubot_one/package.zsh'
[0.501s] Level 1:colcon.colcon_core.environment:create_file_with_runtime_dependencies(/home/notthecoolkid/mrt_URDF/src/install/articubot_one/share/colcon-core/packages/articubot_one)
[0.536s] Level 1:colcon.colcon_core.environment:create_environment_scripts_only(articubot_one)
[0.536s] Level 1:colcon.colcon_core.environment:checking '/home/notthecoolkid/mrt_URDF/src/install/articubot_one' for CMake module files
[0.537s] Level 1:colcon.colcon_core.environment:checking '/home/notthecoolkid/mrt_URDF/src/install/articubot_one' for CMake config files
[0.537s] Level 1:colcon.colcon_core.shell:create_environment_hook('articubot_one', 'cmake_prefix_path')
[0.537s] INFO:colcon.colcon_core.shell:Creating environment hook '/home/notthecoolkid/mrt_URDF/src/install/articubot_one/share/articubot_one/hook/cmake_prefix_path.ps1'
[0.538s] INFO:colcon.colcon_core.shell:Creating environment descriptor '/home/notthecoolkid/mrt_URDF/src/install/articubot_one/share/articubot_one/hook/cmake_prefix_path.dsv'
[0.539s] INFO:colcon.colcon_core.shell:Creating environment hook '/home/notthecoolkid/mrt_URDF/src/install/articubot_one/share/articubot_one/hook/cmake_prefix_path.sh'
[0.540s] Level 1:colcon.colcon_core.environment:checking '/home/notthecoolkid/mrt_URDF/src/install/articubot_one/bin'
[0.540s] Level 1:colcon.colcon_core.environment:checking '/home/notthecoolkid/mrt_URDF/src/install/articubot_one/lib/pkgconfig/articubot_one.pc'
[0.540s] Level 1:colcon.colcon_core.environment:checking '/home/notthecoolkid/mrt_URDF/src/install/articubot_one/lib/python3.10/site-packages'
[0.540s] Level 1:colcon.colcon_core.environment:checking '/home/notthecoolkid/mrt_URDF/src/install/articubot_one/bin'
[0.541s] INFO:colcon.colcon_core.shell:Creating package script '/home/notthecoolkid/mrt_URDF/src/install/articubot_one/share/articubot_one/package.ps1'
[0.542s] INFO:colcon.colcon_core.shell:Creating package descriptor '/home/notthecoolkid/mrt_URDF/src/install/articubot_one/share/articubot_one/package.dsv'
[0.542s] INFO:colcon.colcon_core.shell:Creating package script '/home/notthecoolkid/mrt_URDF/src/install/articubot_one/share/articubot_one/package.sh'
[0.543s] INFO:colcon.colcon_core.shell:Creating package script '/home/notthecoolkid/mrt_URDF/src/install/articubot_one/share/articubot_one/package.bash'
[0.544s] INFO:colcon.colcon_core.shell:Creating package script '/home/notthecoolkid/mrt_URDF/src/install/articubot_one/share/articubot_one/package.zsh'
[0.544s] Level 1:colcon.colcon_core.environment:create_file_with_runtime_dependencies(/home/notthecoolkid/mrt_URDF/src/install/articubot_one/share/colcon-core/packages/articubot_one)
[0.545s] DEBUG:colcon.colcon_parallel_executor.executor.parallel:closing loop
[0.545s] DEBUG:colcon.colcon_parallel_executor.executor.parallel:loop closed
[0.546s] DEBUG:colcon.colcon_parallel_executor.executor.parallel:run_until_complete finished with '0'
[0.546s] DEBUG:colcon.colcon_core.event_reactor:joining thread
[0.552s] INFO:colcon.colcon_core.plugin_system:Skipping extension 'colcon_notification.desktop_notification.terminal_notifier': Not used on non-Darwin systems
[0.552s] INFO:colcon.colcon_core.plugin_system:Skipping extension 'colcon_notification.desktop_notification.win32': Not used on non-Windows systems
[0.552s] INFO:colcon.colcon_notification.desktop_notification:Sending desktop notification using 'notify2'
[0.566s] DEBUG:colcon.colcon_core.event_reactor:joined thread
[0.567s] INFO:colcon.colcon_core.shell:Creating prefix script '/home/notthecoolkid/mrt_URDF/src/install/local_setup.ps1'
[0.569s] INFO:colcon.colcon_core.shell:Creating prefix util module '/home/notthecoolkid/mrt_URDF/src/install/_local_setup_util_ps1.py'
[0.571s] INFO:colcon.colcon_core.shell:Creating prefix chain script '/home/notthecoolkid/mrt_URDF/src/install/setup.ps1'
[0.573s] INFO:colcon.colcon_core.shell:Creating prefix script '/home/notthecoolkid/mrt_URDF/src/install/local_setup.sh'
[0.574s] INFO:colcon.colcon_core.shell:Creating prefix util module '/home/notthecoolkid/mrt_URDF/src/install/_local_setup_util_sh.py'
[0.575s] INFO:colcon.colcon_core.shell:Creating prefix chain script '/home/notthecoolkid/mrt_URDF/src/install/setup.sh'
[0.576s] INFO:colcon.colcon_core.shell:Creating prefix script '/home/notthecoolkid/mrt_URDF/src/install/local_setup.bash'
[0.577s] INFO:colcon.colcon_core.shell:Creating prefix chain script '/home/notthecoolkid/mrt_URDF/src/install/setup.bash'
[0.579s] INFO:colcon.colcon_core.shell:Creating prefix script '/home/notthecoolkid/mrt_URDF/src/install/local_setup.zsh'
[0.579s] INFO:colcon.colcon_core.shell:Creating prefix chain script '/home/notthecoolkid/mrt_URDF/src/install/setup.zsh'
