[0.015s] Invoking command in '/home/notthecoolkid/mrt_URDF/src/build/articubot_one': CMAKE_PREFIX_PATH=/home/notthecoolkid/mrt_ws/install/week0_tutorials:/home/notthecoolkid/mrt_ws/install/sauron:/opt/ros/humble /usr/bin/cmake --build /home/notthecoolkid/mrt_URDF/src/build/articubot_one -- -j20 -l20
[0.076s] Invoked command in '/home/notthecoolkid/mrt_URDF/src/build/articubot_one' returned '0': CMAKE_PREFIX_PATH=/home/notthecoolkid/mrt_ws/install/week0_tutorials:/home/notthecoolkid/mrt_ws/install/sauron:/opt/ros/humble /usr/bin/cmake --build /home/notthecoolkid/mrt_URDF/src/build/articubot_one -- -j20 -l20
[0.118s] Invoking command in '/home/notthecoolkid/mrt_URDF/src/build/articubot_one': CMAKE_PREFIX_PATH=/home/notthecoolkid/mrt_ws/install/week0_tutorials:/home/notthecoolkid/mrt_ws/install/sauron:/opt/ros/humble /usr/bin/cmake --install /home/notthecoolkid/mrt_URDF/src/build/articubot_one
[0.128s] -- Install configuration: ""
[0.129s] -- Up-to-date: /home/notthecoolkid/mrt_URDF/src/install/articubot_one/share/articubot_one/config
[0.129s] -- Up-to-date: /home/notthecoolkid/mrt_URDF/src/install/articubot_one/share/articubot_one/config/empty.yaml
[0.129s] -- Installing: /home/notthecoolkid/mrt_URDF/src/install/articubot_one/share/articubot_one/config/view_bot.rviz
[0.129s] -- Up-to-date: /home/notthecoolkid/mrt_URDF/src/install/articubot_one/share/articubot_one/description
[0.129s] -- Up-to-date: /home/notthecoolkid/mrt_URDF/src/install/articubot_one/share/articubot_one/description/inertial_macros.xacro
[0.130s] -- Installing: /home/notthecoolkid/mrt_URDF/src/install/articubot_one/share/articubot_one/description/robot_core.xacro
[0.130s] -- Up-to-date: /home/notthecoolkid/mrt_URDF/src/install/articubot_one/share/articubot_one/description/robot.urdf.xacro
[0.130s] -- Up-to-date: /home/notthecoolkid/mrt_URDF/src/install/articubot_one/share/articubot_one/launch
[0.130s] -- Up-to-date: /home/notthecoolkid/mrt_URDF/src/install/articubot_one/share/articubot_one/launch/rsp.launch.py
[0.130s] -- Up-to-date: /home/notthecoolkid/mrt_URDF/src/install/articubot_one/share/articubot_one/worlds
[0.130s] -- Up-to-date: /home/notthecoolkid/mrt_URDF/src/install/articubot_one/share/articubot_one/worlds/empty.world
[0.130s] -- Up-to-date: /home/notthecoolkid/mrt_URDF/src/install/articubot_one/share/ament_index/resource_index/package_run_dependencies/articubot_one
[0.130s] -- Up-to-date: /home/notthecoolkid/mrt_URDF/src/install/articubot_one/share/ament_index/resource_index/parent_prefix_path/articubot_one
[0.131s] -- Up-to-date: /home/notthecoolkid/mrt_URDF/src/install/articubot_one/share/articubot_one/environment/ament_prefix_path.sh
[0.131s] -- Up-to-date: /home/notthecoolkid/mrt_URDF/src/install/articubot_one/share/articubot_one/environment/ament_prefix_path.dsv
[0.131s] -- Up-to-date: /home/notthecoolkid/mrt_URDF/src/install/articubot_one/share/articubot_one/environment/path.sh
[0.131s] -- Up-to-date: /home/notthecoolkid/mrt_URDF/src/install/articubot_one/share/articubot_one/environment/path.dsv
[0.131s] -- Up-to-date: /home/notthecoolkid/mrt_URDF/src/install/articubot_one/share/articubot_one/local_setup.bash
[0.131s] -- Up-to-date: /home/notthecoolkid/mrt_URDF/src/install/articubot_one/share/articubot_one/local_setup.sh
[0.131s] -- Up-to-date: /home/notthecoolkid/mrt_URDF/src/install/articubot_one/share/articubot_one/local_setup.zsh
[0.131s] -- Up-to-date: /home/notthecoolkid/mrt_URDF/src/install/articubot_one/share/articubot_one/local_setup.dsv
[0.132s] -- Up-to-date: /home/notthecoolkid/mrt_URDF/src/install/articubot_one/share/articubot_one/package.dsv
[0.132s] -- Up-to-date: /home/notthecoolkid/mrt_URDF/src/install/articubot_one/share/ament_index/resource_index/packages/articubot_one
[0.132s] -- Up-to-date: /home/notthecoolkid/mrt_URDF/src/install/articubot_one/share/articubot_one/cmake/articubot_oneConfig.cmake
[0.132s] -- Up-to-date: /home/notthecoolkid/mrt_URDF/src/install/articubot_one/share/articubot_one/cmake/articubot_oneConfig-version.cmake
[0.132s] -- Up-to-date: /home/notthecoolkid/mrt_URDF/src/install/articubot_one/share/articubot_one/package.xml
[0.134s] Invoked command in '/home/notthecoolkid/mrt_URDF/src/build/articubot_one' returned '0': CMAKE_PREFIX_PATH=/home/notthecoolkid/mrt_ws/install/week0_tutorials:/home/notthecoolkid/mrt_ws/install/sauron:/opt/ros/humble /usr/bin/cmake --install /home/notthecoolkid/mrt_URDF/src/build/articubot_one
