[0.012s] Invoking command in '/home/notthecoolkid/mrt_URDF/build/articubot_one': CMAKE_PREFIX_PATH=/home/notthecoolkid/mrt_ws/install/week0_tutorials:/home/notthecoolkid/mrt_ws/install/sauron:/opt/ros/humble /usr/bin/cmake /home/notthecoolkid/mrt_URDF/src/articubot_one -DAMENT_CMAKE_SYMLINK_INSTALL=1 -DCMAKE_INSTALL_PREFIX=/home/notthecoolkid/mrt_URDF/install/articubot_one
[0.085s] -- The C compiler identification is GNU 11.4.0
[0.158s] -- The CXX compiler identification is GNU 11.4.0
[0.168s] -- Detecting C compiler ABI info
[0.253s] -- Detecting C compiler ABI info - done
[0.263s] -- Check for working C compiler: /usr/bin/cc - skipped
[0.264s] -- Detecting C compile features
[0.264s] -- Detecting C compile features - done
[0.268s] -- Detecting CXX compiler ABI info
[0.372s] -- Detecting CXX compiler ABI info - done
[0.382s] -- Check for working CXX compiler: /usr/bin/c++ - skipped
[0.382s] -- Detecting CXX compile features
[0.383s] -- Detecting CXX compile features - done
[0.386s] -- Found ament_cmake: 1.3.10 (/opt/ros/humble/share/ament_cmake/cmake)
[0.589s] -- Found Python3: /usr/bin/python3 (found version "3.10.12") found components: Interpreter 
[0.663s] -- Override CMake install command with custom implementation using symlinks instead of copying resources
[0.704s] -- Found ament_lint_auto: 0.12.11 (/opt/ros/humble/share/ament_lint_auto/cmake)
[0.800s] -- Added test 'copyright' to check source files copyright and LICENSE
[0.805s] -- Added test 'cppcheck' to perform static code analysis on C / C++ code
[0.805s] -- Configured cppcheck include dirs: 
[0.805s] -- Configured cppcheck exclude dirs and/or files: 
[0.810s] -- Added test 'cpplint' to check C / C++ code against the Google style
[0.810s] -- Configured cpplint exclude dirs and/or files: 
[0.811s] -- Added test 'flake8' to check Python code syntax and style conventions
[0.812s] -- Added test 'lint_cmake' to check CMake code style
[0.813s] -- Added test 'pep257' to check Python code against some of the docstring style conventions in PEP 257
[0.818s] -- Added test 'uncrustify' to check C / C++ code style
[0.818s] -- Configured uncrustify additional arguments: 
[0.819s] -- Added test 'xmllint' to check XML markup files
[0.820s] -- Configuring done
[0.823s] -- Generating done
[0.824s] -- Build files have been written to: /home/notthecoolkid/mrt_URDF/build/articubot_one
[0.829s] Invoked command in '/home/notthecoolkid/mrt_URDF/build/articubot_one' returned '0': CMAKE_PREFIX_PATH=/home/notthecoolkid/mrt_ws/install/week0_tutorials:/home/notthecoolkid/mrt_ws/install/sauron:/opt/ros/humble /usr/bin/cmake /home/notthecoolkid/mrt_URDF/src/articubot_one -DAMENT_CMAKE_SYMLINK_INSTALL=1 -DCMAKE_INSTALL_PREFIX=/home/notthecoolkid/mrt_URDF/install/articubot_one
[0.832s] Invoking command in '/home/notthecoolkid/mrt_URDF/build/articubot_one': CMAKE_PREFIX_PATH=/home/notthecoolkid/mrt_ws/install/week0_tutorials:/home/notthecoolkid/mrt_ws/install/sauron:/opt/ros/humble /usr/bin/cmake --build /home/notthecoolkid/mrt_URDF/build/articubot_one -- -j20 -l20
[0.883s] Invoked command in '/home/notthecoolkid/mrt_URDF/build/articubot_one' returned '0': CMAKE_PREFIX_PATH=/home/notthecoolkid/mrt_ws/install/week0_tutorials:/home/notthecoolkid/mrt_ws/install/sauron:/opt/ros/humble /usr/bin/cmake --build /home/notthecoolkid/mrt_URDF/build/articubot_one -- -j20 -l20
[0.918s] Invoking command in '/home/notthecoolkid/mrt_URDF/build/articubot_one': CMAKE_PREFIX_PATH=/home/notthecoolkid/mrt_ws/install/week0_tutorials:/home/notthecoolkid/mrt_ws/install/sauron:/opt/ros/humble /usr/bin/cmake --install /home/notthecoolkid/mrt_URDF/build/articubot_one
[0.927s] -- Install configuration: ""
[0.927s] -- Execute custom install script
[0.928s] -- Symlinking: /home/notthecoolkid/mrt_URDF/install/articubot_one/share/articubot_one/config/empty.yaml
[0.940s] -- Symlinking: /home/notthecoolkid/mrt_URDF/install/articubot_one/share/articubot_one/config/view_bot.rviz
[0.952s] -- Symlinking: /home/notthecoolkid/mrt_URDF/install/articubot_one/share/articubot_one/description/inertial_macros.xacro
[0.962s] -- Symlinking: /home/notthecoolkid/mrt_URDF/install/articubot_one/share/articubot_one/description/robot.urdf.xacro
[0.972s] -- Symlinking: /home/notthecoolkid/mrt_URDF/install/articubot_one/share/articubot_one/description/robot_core.xacro
[0.981s] -- Symlinking: /home/notthecoolkid/mrt_URDF/install/articubot_one/share/articubot_one/launch/rsp.launch.py
[0.990s] -- Symlinking: /home/notthecoolkid/mrt_URDF/install/articubot_one/share/articubot_one/worlds/empty.world
[0.999s] -- Symlinking: /home/notthecoolkid/mrt_URDF/install/articubot_one/share/ament_index/resource_index/package_run_dependencies/articubot_one
[1.010s] -- Symlinking: /home/notthecoolkid/mrt_URDF/install/articubot_one/share/ament_index/resource_index/parent_prefix_path/articubot_one
[1.019s] -- Symlinking: /home/notthecoolkid/mrt_URDF/install/articubot_one/share/articubot_one/environment/ament_prefix_path.sh
[1.030s] -- Symlinking: /home/notthecoolkid/mrt_URDF/install/articubot_one/share/articubot_one/environment/ament_prefix_path.dsv
[1.043s] -- Symlinking: /home/notthecoolkid/mrt_URDF/install/articubot_one/share/articubot_one/environment/path.sh
[1.055s] -- Symlinking: /home/notthecoolkid/mrt_URDF/install/articubot_one/share/articubot_one/environment/path.dsv
[1.065s] -- Symlinking: /home/notthecoolkid/mrt_URDF/install/articubot_one/share/articubot_one/local_setup.bash
[1.076s] -- Symlinking: /home/notthecoolkid/mrt_URDF/install/articubot_one/share/articubot_one/local_setup.sh
[1.087s] -- Symlinking: /home/notthecoolkid/mrt_URDF/install/articubot_one/share/articubot_one/local_setup.zsh
[1.096s] -- Symlinking: /home/notthecoolkid/mrt_URDF/install/articubot_one/share/articubot_one/local_setup.dsv
[1.106s] -- Symlinking: /home/notthecoolkid/mrt_URDF/install/articubot_one/share/articubot_one/package.dsv
[1.116s] -- Symlinking: /home/notthecoolkid/mrt_URDF/install/articubot_one/share/ament_index/resource_index/packages/articubot_one
[1.125s] -- Symlinking: /home/notthecoolkid/mrt_URDF/install/articubot_one/share/articubot_one/cmake/articubot_oneConfig.cmake
[1.137s] -- Symlinking: /home/notthecoolkid/mrt_URDF/install/articubot_one/share/articubot_one/cmake/articubot_oneConfig-version.cmake
[1.149s] -- Symlinking: /home/notthecoolkid/mrt_URDF/install/articubot_one/share/articubot_one/package.xml
[1.163s] Invoked command in '/home/notthecoolkid/mrt_URDF/build/articubot_one' returned '0': CMAKE_PREFIX_PATH=/home/notthecoolkid/mrt_ws/install/week0_tutorials:/home/notthecoolkid/mrt_ws/install/sauron:/opt/ros/humble /usr/bin/cmake --install /home/notthecoolkid/mrt_URDF/build/articubot_one
