[0.013s] Invoking command in '/home/notthecoolkid/mrt_URDF/src/build/articubot_one': CMAKE_PREFIX_PATH=${CMAKE_PREFIX_PATH}:/home/notthecoolkid/mrt_ws/install/week0_tutorials:/home/notthecoolkid/mrt_ws/install/sauron:/opt/ros/humble /usr/bin/cmake /home/notthecoolkid/mrt_URDF/src/articubot_one -DCMAKE_INSTALL_PREFIX=/home/notthecoolkid/mrt_URDF/src/install/articubot_one
[0.096s] -- The C compiler identification is GNU 11.4.0
[0.169s] -- The CXX compiler identification is GNU 11.4.0
[0.179s] -- Detecting C compiler ABI info
[0.268s] -- Detecting C compiler ABI info - done
[0.277s] -- Check for working C compiler: /usr/bin/cc - skipped
[0.277s] -- Detecting C compile features
[0.277s] -- Detecting C compile features - done
[0.281s] -- Detecting CXX compiler ABI info
[0.383s] -- Detecting CXX compiler ABI info - done
[0.394s] -- Check for working CXX compiler: /usr/bin/c++ - skipped
[0.395s] -- Detecting CXX compile features
[0.395s] -- Detecting CXX compile features - done
[0.398s] -- Found ament_cmake: 1.3.10 (/opt/ros/humble/share/ament_cmake/cmake)
[0.591s] -- Found Python3: /usr/bin/python3 (found version "3.10.12") found components: Interpreter 
[0.694s] -- Found ament_lint_auto: 0.12.11 (/opt/ros/humble/share/ament_lint_auto/cmake)
[0.796s] -- Added test 'copyright' to check source files copyright and LICENSE
[0.801s] -- Added test 'cppcheck' to perform static code analysis on C / C++ code
[0.801s] -- Configured cppcheck include dirs: 
[0.801s] -- Configured cppcheck exclude dirs and/or files: 
[0.806s] -- Added test 'cpplint' to check C / C++ code against the Google style
[0.806s] -- Configured cpplint exclude dirs and/or files: 
[0.807s] -- Added test 'flake8' to check Python code syntax and style conventions
[0.808s] -- Added test 'lint_cmake' to check CMake code style
[0.809s] -- Added test 'pep257' to check Python code against some of the docstring style conventions in PEP 257
[0.814s] -- Added test 'uncrustify' to check C / C++ code style
[0.814s] -- Configured uncrustify additional arguments: 
[0.815s] -- Added test 'xmllint' to check XML markup files
[0.817s] -- Configuring done
[0.830s] -- Generating done
[0.831s] -- Build files have been written to: /home/notthecoolkid/mrt_URDF/src/build/articubot_one
[0.838s] Invoked command in '/home/notthecoolkid/mrt_URDF/src/build/articubot_one' returned '0': CMAKE_PREFIX_PATH=${CMAKE_PREFIX_PATH}:/home/notthecoolkid/mrt_ws/install/week0_tutorials:/home/notthecoolkid/mrt_ws/install/sauron:/opt/ros/humble /usr/bin/cmake /home/notthecoolkid/mrt_URDF/src/articubot_one -DCMAKE_INSTALL_PREFIX=/home/notthecoolkid/mrt_URDF/src/install/articubot_one
[0.841s] Invoking command in '/home/notthecoolkid/mrt_URDF/src/build/articubot_one': CMAKE_PREFIX_PATH=${CMAKE_PREFIX_PATH}:/home/notthecoolkid/mrt_ws/install/week0_tutorials:/home/notthecoolkid/mrt_ws/install/sauron:/opt/ros/humble /usr/bin/cmake --build /home/notthecoolkid/mrt_URDF/src/build/articubot_one -- -j20 -l20
[0.892s] Invoked command in '/home/notthecoolkid/mrt_URDF/src/build/articubot_one' returned '0': CMAKE_PREFIX_PATH=${CMAKE_PREFIX_PATH}:/home/notthecoolkid/mrt_ws/install/week0_tutorials:/home/notthecoolkid/mrt_ws/install/sauron:/opt/ros/humble /usr/bin/cmake --build /home/notthecoolkid/mrt_URDF/src/build/articubot_one -- -j20 -l20
[0.929s] Invoking command in '/home/notthecoolkid/mrt_URDF/src/build/articubot_one': CMAKE_PREFIX_PATH=${CMAKE_PREFIX_PATH}:/home/notthecoolkid/mrt_ws/install/week0_tutorials:/home/notthecoolkid/mrt_ws/install/sauron:/opt/ros/humble /usr/bin/cmake --install /home/notthecoolkid/mrt_URDF/src/build/articubot_one
[0.940s] -- Install configuration: ""
[0.940s] -- Installing: /home/notthecoolkid/mrt_URDF/src/install/articubot_one/share/articubot_one/config
[0.940s] -- Installing: /home/notthecoolkid/mrt_URDF/src/install/articubot_one/share/articubot_one/config/empty.yaml
[0.941s] -- Installing: /home/notthecoolkid/mrt_URDF/src/install/articubot_one/share/articubot_one/config/view_bot.rviz
[0.941s] -- Installing: /home/notthecoolkid/mrt_URDF/src/install/articubot_one/share/articubot_one/description
[0.941s] -- Installing: /home/notthecoolkid/mrt_URDF/src/install/articubot_one/share/articubot_one/description/inertial_macros.xacro
[0.941s] -- Installing: /home/notthecoolkid/mrt_URDF/src/install/articubot_one/share/articubot_one/description/robot_core.xacro
[0.941s] -- Installing: /home/notthecoolkid/mrt_URDF/src/install/articubot_one/share/articubot_one/description/robot.urdf.xacro
[0.941s] -- Installing: /home/notthecoolkid/mrt_URDF/src/install/articubot_one/share/articubot_one/launch
[0.941s] -- Installing: /home/notthecoolkid/mrt_URDF/src/install/articubot_one/share/articubot_one/launch/rsp.launch.py
[0.941s] -- Installing: /home/notthecoolkid/mrt_URDF/src/install/articubot_one/share/articubot_one/worlds
[0.941s] -- Installing: /home/notthecoolkid/mrt_URDF/src/install/articubot_one/share/articubot_one/worlds/empty.world
[0.941s] -- Installing: /home/notthecoolkid/mrt_URDF/src/install/articubot_one/share/ament_index/resource_index/package_run_dependencies/articubot_one
[0.942s] -- Installing: /home/notthecoolkid/mrt_URDF/src/install/articubot_one/share/ament_index/resource_index/parent_prefix_path/articubot_one
[0.942s] -- Installing: /home/notthecoolkid/mrt_URDF/src/install/articubot_one/share/articubot_one/environment/ament_prefix_path.sh
[0.942s] -- Installing: /home/notthecoolkid/mrt_URDF/src/install/articubot_one/share/articubot_one/environment/ament_prefix_path.dsv
[0.942s] -- Installing: /home/notthecoolkid/mrt_URDF/src/install/articubot_one/share/articubot_one/environment/path.sh
[0.942s] -- Installing: /home/notthecoolkid/mrt_URDF/src/install/articubot_one/share/articubot_one/environment/path.dsv
[0.942s] -- Installing: /home/notthecoolkid/mrt_URDF/src/install/articubot_one/share/articubot_one/local_setup.bash
[0.942s] -- Installing: /home/notthecoolkid/mrt_URDF/src/install/articubot_one/share/articubot_one/local_setup.sh
[0.942s] -- Installing: /home/notthecoolkid/mrt_URDF/src/install/articubot_one/share/articubot_one/local_setup.zsh
[0.942s] -- Installing: /home/notthecoolkid/mrt_URDF/src/install/articubot_one/share/articubot_one/local_setup.dsv
[0.942s] -- Installing: /home/notthecoolkid/mrt_URDF/src/install/articubot_one/share/articubot_one/package.dsv
[0.942s] -- Installing: /home/notthecoolkid/mrt_URDF/src/install/articubot_one/share/ament_index/resource_index/packages/articubot_one
[0.943s] -- Installing: /home/notthecoolkid/mrt_URDF/src/install/articubot_one/share/articubot_one/cmake/articubot_oneConfig.cmake
[0.943s] -- Installing: /home/notthecoolkid/mrt_URDF/src/install/articubot_one/share/articubot_one/cmake/articubot_oneConfig-version.cmake
[0.943s] -- Installing: /home/notthecoolkid/mrt_URDF/src/install/articubot_one/share/articubot_one/package.xml
[0.946s] Invoked command in '/home/notthecoolkid/mrt_URDF/src/build/articubot_one' returned '0': CMAKE_PREFIX_PATH=${CMAKE_PREFIX_PATH}:/home/notthecoolkid/mrt_ws/install/week0_tutorials:/home/notthecoolkid/mrt_ws/install/sauron:/opt/ros/humble /usr/bin/cmake --install /home/notthecoolkid/mrt_URDF/src/build/articubot_one
